<?xml version="1.0" encoding="UTF-8"?>
<testng-results ignored="0" total="1" passed="1" failed="0" skipped="0">
  <reporter-output>
  </reporter-output>
  <suite started-at="2019-11-04T17:36:23Z" name="SearchTest" finished-at="2019-11-04T17:36:45Z" duration-ms="22394">
    <groups>
    </groups>
    <test started-at="2019-11-04T17:36:23Z" name="SearchTest-CH" finished-at="2019-11-04T17:36:45Z" duration-ms="22394">
      <class name="com.hepsiburada.searchTest.SearchTest">
        <test-method is-config="true" signature="setUp(java.lang.reflect.Method, java.lang.String, java.lang.String, org.testng.ITestContext)[pri:0, instance:com.hepsiburada.searchTest.SearchTest@394df057]" started-at="2019-11-04T17:36:23Z" name="setUp" finished-at="2019-11-04T17:36:30Z" duration-ms="6442" status="PASS">
          <params>
            <param index="0">
              <value>
                <![CDATA[public void com.hepsiburada.searchTest.SearchTest.searchTest(java.lang.String)]]>
              </value>
            </param>
            <param index="1">
              <value>
                <![CDATA[chrome]]>
              </value>
            </param>
            <param index="2">
              <value is-null="true"/>
            </param>
            <param index="3">
              <value>
                <![CDATA[org.testng.TestRunner@6497b078]]>
              </value>
            </param>
          </params>
          <reporter-output>
          </reporter-output>
        </test-method> <!-- setUp -->
        <test-method signature="searchTest(java.lang.String)[pri:0, instance:com.hepsiburada.searchTest.SearchTest@394df057]" started-at="2019-11-04T17:36:30Z" name="searchTest" finished-at="2019-11-04T17:36:45Z" duration-ms="15692" status="PASS">
          <params>
            <param index="0">
              <value>
                <![CDATA[Çantalar]]>
              </value>
            </param>
          </params>
          <reporter-output>
          </reporter-output>
        </test-method> <!-- searchTest -->
        <test-method is-config="true" signature="tearDown()[pri:0, instance:com.hepsiburada.searchTest.SearchTest@394df057]" started-at="2019-11-04T17:36:45Z" name="tearDown" finished-at="2019-11-04T17:36:45Z" duration-ms="220" status="PASS">
          <reporter-output>
          </reporter-output>
        </test-method> <!-- tearDown -->
      </class> <!-- com.hepsiburada.searchTest.SearchTest -->
    </test> <!-- SearchTest-CH -->
  </suite> <!-- SearchTest -->
</testng-results>
